::1 - - [30/Oct/2020:14:49:36 +0000] "POST / HTTP/1.1" 404 41 "http://localhost:8001/api-docs/" "Mozilla/5.0 (Windows NT 10.0; Win64; x64) AppleWebKit/537.36 (KHTML, like Gecko) Chrome/86.0.4240.111 Safari/537.36"
::1 - - [30/Oct/2020:14:50:17 +0000] "POST /user HTTP/1.1" 500 634 "http://localhost:8001/api-docs/" "Mozilla/5.0 (Windows NT 10.0; Win64; x64) AppleWebKit/537.36 (KHTML, like Gecko) Chrome/86.0.4240.111 Safari/537.36"
::1 - - [30/Oct/2020:15:09:14 +0000] "POST /user HTTP/1.1" 500 770 "http://localhost:8001/api-docs/" "Mozilla/5.0 (Windows NT 10.0; Win64; x64) AppleWebKit/537.36 (KHTML, like Gecko) Chrome/86.0.4240.111 Safari/537.36"
::1 - - [30/Oct/2020:15:09:41 +0000] "POST /user HTTP/1.1" 500 793 "http://localhost:8001/api-docs/" "Mozilla/5.0 (Windows NT 10.0; Win64; x64) AppleWebKit/537.36 (KHTML, like Gecko) Chrome/86.0.4240.111 Safari/537.36"
::1 - - [30/Oct/2020:15:10:17 +0000] "POST /user HTTP/1.1" 500 793 "http://localhost:8001/api-docs/" "Mozilla/5.0 (Windows NT 10.0; Win64; x64) AppleWebKit/537.36 (KHTML, like Gecko) Chrome/86.0.4240.111 Safari/537.36"
::1 - - [30/Oct/2020:15:10:26 +0000] "POST /user HTTP/1.1" 500 793 "http://localhost:8001/api-docs/" "Mozilla/5.0 (Windows NT 10.0; Win64; x64) AppleWebKit/537.36 (KHTML, like Gecko) Chrome/86.0.4240.111 Safari/537.36"
::1 - - [30/Oct/2020:15:10:50 +0000] "POST /user HTTP/1.1" 500 1297 "http://localhost:8001/api-docs/" "Mozilla/5.0 (Windows NT 10.0; Win64; x64) AppleWebKit/537.36 (KHTML, like Gecko) Chrome/86.0.4240.111 Safari/537.36"
::1 - - [30/Oct/2020:15:11:20 +0000] "POST /user HTTP/1.1" 500 1297 "http://localhost:8001/api-docs/" "Mozilla/5.0 (Windows NT 10.0; Win64; x64) AppleWebKit/537.36 (KHTML, like Gecko) Chrome/86.0.4240.111 Safari/537.36"
::1 - - [30/Oct/2020:15:12:04 +0000] "POST /user HTTP/1.1" 500 1297 "http://localhost:8001/api-docs/" "Mozilla/5.0 (Windows NT 10.0; Win64; x64) AppleWebKit/537.36 (KHTML, like Gecko) Chrome/86.0.4240.111 Safari/537.36"
::1 - - [30/Oct/2020:15:12:26 +0000] "POST /user HTTP/1.1" 500 1297 "http://localhost:8001/api-docs/" "Mozilla/5.0 (Windows NT 10.0; Win64; x64) AppleWebKit/537.36 (KHTML, like Gecko) Chrome/86.0.4240.111 Safari/537.36"
::1 - - [30/Oct/2020:15:13:15 +0000] "POST /user HTTP/1.1" 500 1297 "http://localhost:8001/api-docs/" "Mozilla/5.0 (Windows NT 10.0; Win64; x64) AppleWebKit/537.36 (KHTML, like Gecko) Chrome/86.0.4240.111 Safari/537.36"
::1 - - [30/Oct/2020:15:13:52 +0000] "POST /user HTTP/1.1" 400 130 "http://localhost:8001/api-docs/" "Mozilla/5.0 (Windows NT 10.0; Win64; x64) AppleWebKit/537.36 (KHTML, like Gecko) Chrome/86.0.4240.111 Safari/537.36"
::1 - - [30/Oct/2020:15:16:10 +0000] "POST /user HTTP/1.1" 401 - "http://localhost:8001/api-docs/" "Mozilla/5.0 (Windows NT 10.0; Win64; x64) AppleWebKit/537.36 (KHTML, like Gecko) Chrome/86.0.4240.111 Safari/537.36"
::1 - - [30/Oct/2020:15:16:40 +0000] "POST /user HTTP/1.1" 401 - "http://localhost:8001/api-docs/" "Mozilla/5.0 (Windows NT 10.0; Win64; x64) AppleWebKit/537.36 (KHTML, like Gecko) Chrome/86.0.4240.111 Safari/537.36"
::1 - - [30/Oct/2020:15:16:53 +0000] "POST /user HTTP/1.1" 401 - "http://localhost:8001/api-docs/" "Mozilla/5.0 (Windows NT 10.0; Win64; x64) AppleWebKit/537.36 (KHTML, like Gecko) Chrome/86.0.4240.111 Safari/537.36"
::1 - - [30/Oct/2020:15:17:12 +0000] "POST /user HTTP/1.1" 401 - "http://localhost:8001/api-docs/" "Mozilla/5.0 (Windows NT 10.0; Win64; x64) AppleWebKit/537.36 (KHTML, like Gecko) Chrome/86.0.4240.111 Safari/537.36"
::1 - - [30/Oct/2020:15:17:57 +0000] "POST /user HTTP/1.1" 401 - "-" "PostmanRuntime/7.24.1"
::1 - - [30/Oct/2020:15:18:57 +0000] "POST /user HTTP/1.1" 400 130 "http://localhost:8001/api-docs/" "Mozilla/5.0 (Windows NT 10.0; Win64; x64) AppleWebKit/537.36 (KHTML, like Gecko) Chrome/86.0.4240.111 Safari/537.36"
::1 - - [30/Oct/2020:15:20:36 +0000] "POST /user HTTP/1.1" 400 130 "http://localhost:8001/api-docs/" "Mozilla/5.0 (Windows NT 10.0; Win64; x64) AppleWebKit/537.36 (KHTML, like Gecko) Chrome/86.0.4240.111 Safari/537.36"
::1 - - [30/Oct/2020:15:23:20 +0000] "POST /user HTTP/1.1" 500 1123 "http://localhost:8001/api-docs/" "Mozilla/5.0 (Windows NT 10.0; Win64; x64) AppleWebKit/537.36 (KHTML, like Gecko) Chrome/86.0.4240.111 Safari/537.36"
::1 - - [30/Oct/2020:15:23:35 +0000] "POST /user HTTP/1.1" 500 1123 "http://localhost:8001/api-docs/" "Mozilla/5.0 (Windows NT 10.0; Win64; x64) AppleWebKit/537.36 (KHTML, like Gecko) Chrome/86.0.4240.111 Safari/537.36"
::1 - - [30/Oct/2020:15:24:08 +0000] "POST /user HTTP/1.1" 500 1123 "http://localhost:8001/api-docs/" "Mozilla/5.0 (Windows NT 10.0; Win64; x64) AppleWebKit/537.36 (KHTML, like Gecko) Chrome/86.0.4240.111 Safari/537.36"
::1 - - [30/Oct/2020:15:25:34 +0000] "POST /user HTTP/1.1" 400 28 "http://localhost:8001/api-docs/" "Mozilla/5.0 (Windows NT 10.0; Win64; x64) AppleWebKit/537.36 (KHTML, like Gecko) Chrome/86.0.4240.111 Safari/537.36"
::1 - - [30/Oct/2020:15:27:05 +0000] "POST /user HTTP/1.1" 400 28 "http://localhost:8001/api-docs/" "Mozilla/5.0 (Windows NT 10.0; Win64; x64) AppleWebKit/537.36 (KHTML, like Gecko) Chrome/86.0.4240.111 Safari/537.36"
::1 - - [30/Oct/2020:15:27:42 +0000] "POST /user HTTP/1.1" 400 28 "http://localhost:8001/api-docs/" "Mozilla/5.0 (Windows NT 10.0; Win64; x64) AppleWebKit/537.36 (KHTML, like Gecko) Chrome/86.0.4240.111 Safari/537.36"
::1 - - [30/Oct/2020:15:29:34 +0000] "POST /user HTTP/1.1" 400 28 "http://localhost:8001/api-docs/" "Mozilla/5.0 (Windows NT 10.0; Win64; x64) AppleWebKit/537.36 (KHTML, like Gecko) Chrome/86.0.4240.111 Safari/537.36"
::1 - - [30/Oct/2020:15:29:34 +0000] "POST /user HTTP/1.1" 400 28 "http://localhost:8001/api-docs/" "Mozilla/5.0 (Windows NT 10.0; Win64; x64) AppleWebKit/537.36 (KHTML, like Gecko) Chrome/86.0.4240.111 Safari/537.36"
::1 - - [30/Oct/2020:15:29:35 +0000] "POST /user HTTP/1.1" 400 28 "http://localhost:8001/api-docs/" "Mozilla/5.0 (Windows NT 10.0; Win64; x64) AppleWebKit/537.36 (KHTML, like Gecko) Chrome/86.0.4240.111 Safari/537.36"
::1 - - [30/Oct/2020:15:30:15 +0000] "POST /user HTTP/1.1" 400 58 "http://localhost:8001/api-docs/" "Mozilla/5.0 (Windows NT 10.0; Win64; x64) AppleWebKit/537.36 (KHTML, like Gecko) Chrome/86.0.4240.111 Safari/537.36"
::1 - - [30/Oct/2020:15:32:32 +0000] "POST /user HTTP/1.1" 400 84 "http://localhost:8001/api-docs/" "Mozilla/5.0 (Windows NT 10.0; Win64; x64) AppleWebKit/537.36 (KHTML, like Gecko) Chrome/86.0.4240.111 Safari/537.36"
::1 - - [30/Oct/2020:15:33:33 +0000] "POST /user HTTP/1.1" 400 85 "http://localhost:8001/api-docs/" "Mozilla/5.0 (Windows NT 10.0; Win64; x64) AppleWebKit/537.36 (KHTML, like Gecko) Chrome/86.0.4240.111 Safari/537.36"
::1 - - [30/Oct/2020:15:35:52 +0000] "POST /user HTTP/1.1" 400 101 "http://localhost:8001/api-docs/" "Mozilla/5.0 (Windows NT 10.0; Win64; x64) AppleWebKit/537.36 (KHTML, like Gecko) Chrome/86.0.4240.111 Safari/537.36"
::1 - - [30/Oct/2020:15:41:26 +0000] "POST /user/login HTTP/1.1" 400 101 "http://localhost:8001/api-docs/" "Mozilla/5.0 (Windows NT 10.0; Win64; x64) AppleWebKit/537.36 (KHTML, like Gecko) Chrome/86.0.4240.111 Safari/537.36"
::1 - - [30/Oct/2020:15:41:55 +0000] "POST /user/login HTTP/1.1" 400 69 "http://localhost:8001/api-docs/" "Mozilla/5.0 (Windows NT 10.0; Win64; x64) AppleWebKit/537.36 (KHTML, like Gecko) Chrome/86.0.4240.111 Safari/537.36"
::1 - - [30/Oct/2020:15:41:57 +0000] "POST /user/login HTTP/1.1" 400 69 "http://localhost:8001/api-docs/" "Mozilla/5.0 (Windows NT 10.0; Win64; x64) AppleWebKit/537.36 (KHTML, like Gecko) Chrome/86.0.4240.111 Safari/537.36"
::1 - - [30/Oct/2020:15:44:05 +0000] "POST /user/login HTTP/1.1" 400 99 "http://localhost:8001/api-docs/" "Mozilla/5.0 (Windows NT 10.0; Win64; x64) AppleWebKit/537.36 (KHTML, like Gecko) Chrome/86.0.4240.111 Safari/537.36"
::1 - - [30/Oct/2020:15:44:12 +0000] "POST /user/login HTTP/1.1" 400 93 "http://localhost:8001/api-docs/" "Mozilla/5.0 (Windows NT 10.0; Win64; x64) AppleWebKit/537.36 (KHTML, like Gecko) Chrome/86.0.4240.111 Safari/537.36"
::1 - - [30/Oct/2020:15:58:56 +0000] "GET /user HTTP/1.1" 500 2881 "http://localhost:8001/api-docs/" "Mozilla/5.0 (Windows NT 10.0; Win64; x64) AppleWebKit/537.36 (KHTML, like Gecko) Chrome/86.0.4240.111 Safari/537.36"
::1 - - [30/Oct/2020:16:18:28 +0000] "GET /user HTTP/1.1" 401 - "http://localhost:8001/api-docs/" "Mozilla/5.0 (Windows NT 10.0; Win64; x64) AppleWebKit/537.36 (KHTML, like Gecko) Chrome/86.0.4240.111 Safari/537.36"
::1 - - [30/Oct/2020:16:21:00 +0000] "GET /user HTTP/1.1" 401 - "http://localhost:8001/api-docs/" "Mozilla/5.0 (Windows NT 10.0; Win64; x64) AppleWebKit/537.36 (KHTML, like Gecko) Chrome/86.0.4240.111 Safari/537.36"
::1 - - [30/Oct/2020:16:21:18 +0000] "GET /user HTTP/1.1" 401 - "http://localhost:8001/api-docs/" "Mozilla/5.0 (Windows NT 10.0; Win64; x64) AppleWebKit/537.36 (KHTML, like Gecko) Chrome/86.0.4240.111 Safari/537.36"
::1 - - [30/Oct/2020:16:21:38 +0000] "GET /user HTTP/1.1" 401 - "http://localhost:8001/api-docs/" "Mozilla/5.0 (Windows NT 10.0; Win64; x64) AppleWebKit/537.36 (KHTML, like Gecko) Chrome/86.0.4240.111 Safari/537.36"
::1 - - [30/Oct/2020:16:22:03 +0000] "GET /user HTTP/1.1" 401 - "http://localhost:8001/api-docs/" "Mozilla/5.0 (Windows NT 10.0; Win64; x64) AppleWebKit/537.36 (KHTML, like Gecko) Chrome/86.0.4240.111 Safari/537.36"
::1 - - [30/Oct/2020:16:22:22 +0000] "GET /user HTTP/1.1" 401 - "http://localhost:8001/api-docs/" "Mozilla/5.0 (Windows NT 10.0; Win64; x64) AppleWebKit/537.36 (KHTML, like Gecko) Chrome/86.0.4240.111 Safari/537.36"
::1 - - [30/Oct/2020:16:23:15 +0000] "GET /user HTTP/1.1" 401 - "-" "PostmanRuntime/7.24.1"
::1 - - [30/Oct/2020:16:23:25 +0000] "GET /user HTTP/1.1" 401 - "-" "PostmanRuntime/7.24.1"
::1 - - [30/Oct/2020:16:25:43 +0000] "GET /user HTTP/1.1" 401 - "-" "PostmanRuntime/7.24.1"
::1 - - [30/Oct/2020:16:31:12 +0000] "GET /user HTTP/1.1" 401 - "-" "PostmanRuntime/7.24.1"
::1 - - [30/Oct/2020:16:31:14 +0000] "GET /user HTTP/1.1" 401 - "-" "PostmanRuntime/7.24.1"
::1 - - [30/Oct/2020:16:31:34 +0000] "GET /user HTTP/1.1" 401 - "-" "PostmanRuntime/7.24.1"
::1 - - [30/Oct/2020:16:35:14 +0000] "GET /user HTTP/1.1" 401 - "http://localhost:8001/api-docs/" "Mozilla/5.0 (Windows NT 10.0; Win64; x64) AppleWebKit/537.36 (KHTML, like Gecko) Chrome/86.0.4240.111 Safari/537.36"
::1 - - [30/Oct/2020:16:35:21 +0000] "GET /user HTTP/1.1" 401 - "http://localhost:8001/api-docs/" "Mozilla/5.0 (Windows NT 10.0; Win64; x64) AppleWebKit/537.36 (KHTML, like Gecko) Chrome/86.0.4240.111 Safari/537.36"
::1 - - [30/Oct/2020:16:35:22 +0000] "GET /user HTTP/1.1" 401 - "http://localhost:8001/api-docs/" "Mozilla/5.0 (Windows NT 10.0; Win64; x64) AppleWebKit/537.36 (KHTML, like Gecko) Chrome/86.0.4240.111 Safari/537.36"
::1 - - [30/Oct/2020:16:35:22 +0000] "GET /user HTTP/1.1" 401 - "http://localhost:8001/api-docs/" "Mozilla/5.0 (Windows NT 10.0; Win64; x64) AppleWebKit/537.36 (KHTML, like Gecko) Chrome/86.0.4240.111 Safari/537.36"
::1 - - [30/Oct/2020:16:35:23 +0000] "GET /user HTTP/1.1" 401 - "http://localhost:8001/api-docs/" "Mozilla/5.0 (Windows NT 10.0; Win64; x64) AppleWebKit/537.36 (KHTML, like Gecko) Chrome/86.0.4240.111 Safari/537.36"
::1 - - [30/Oct/2020:16:35:24 +0000] "GET /user HTTP/1.1" 401 - "http://localhost:8001/api-docs/" "Mozilla/5.0 (Windows NT 10.0; Win64; x64) AppleWebKit/537.36 (KHTML, like Gecko) Chrome/86.0.4240.111 Safari/537.36"
::1 - - [30/Oct/2020:16:35:31 +0000] "GET /user HTTP/1.1" 401 - "http://localhost:8001/api-docs/" "Mozilla/5.0 (Windows NT 10.0; Win64; x64) AppleWebKit/537.36 (KHTML, like Gecko) Chrome/86.0.4240.111 Safari/537.36"
::1 - - [30/Oct/2020:16:37:04 +0000] "GET /user HTTP/1.1" 401 - "http://localhost:8001/api-docs/" "Mozilla/5.0 (Windows NT 10.0; Win64; x64) AppleWebKit/537.36 (KHTML, like Gecko) Chrome/86.0.4240.111 Safari/537.36"
::1 - - [30/Oct/2020:16:40:03 +0000] "GET /user HTTP/1.1" 401 - "http://localhost:8001/api-docs/" "Mozilla/5.0 (Windows NT 10.0; Win64; x64) AppleWebKit/537.36 (KHTML, like Gecko) Chrome/86.0.4240.111 Safari/537.36"
::1 - - [30/Oct/2020:16:44:27 +0000] "GET /user HTTP/1.1" 401 - "http://localhost:8001/api-docs/" "Mozilla/5.0 (Windows NT 10.0; Win64; x64) AppleWebKit/537.36 (KHTML, like Gecko) Chrome/86.0.4240.111 Safari/537.36"
::1 - - [30/Oct/2020:17:28:24 +0000] "POST /user/login HTTP/1.1" 400 99 "http://localhost:8001/api-docs/" "Mozilla/5.0 (Windows NT 10.0; Win64; x64) AppleWebKit/537.36 (KHTML, like Gecko) Chrome/86.0.4240.111 Safari/537.36"
::1 - - [31/Oct/2020:09:33:20 +0000] "POST /user/forget-password HTTP/1.1" 404 57 "http://localhost:8001/api-docs/" "Mozilla/5.0 (Windows NT 10.0; Win64; x64) AppleWebKit/537.36 (KHTML, like Gecko) Chrome/86.0.4240.111 Safari/537.36"
::1 - - [31/Oct/2020:09:33:35 +0000] "POST /user/forget-password HTTP/1.1" 400 240 "http://localhost:8001/api-docs/" "Mozilla/5.0 (Windows NT 10.0; Win64; x64) AppleWebKit/537.36 (KHTML, like Gecko) Chrome/86.0.4240.111 Safari/537.36"
::1 - - [31/Oct/2020:09:33:57 +0000] "POST /user/forget-password HTTP/1.1" 400 99 "http://localhost:8001/api-docs/" "Mozilla/5.0 (Windows NT 10.0; Win64; x64) AppleWebKit/537.36 (KHTML, like Gecko) Chrome/86.0.4240.111 Safari/537.36"
::1 - - [31/Oct/2020:10:59:28 +0000] "POST /user/forget-password HTTP/1.1" 400 99 "http://localhost:8001/api-docs/" "Mozilla/5.0 (Windows NT 10.0; Win64; x64) AppleWebKit/537.36 (KHTML, like Gecko) Chrome/86.0.4240.111 Safari/537.36"
::1 - - [31/Oct/2020:11:00:33 +0000] "POST /user/forget-password HTTP/1.1" 400 146 "http://localhost:8001/api-docs/" "Mozilla/5.0 (Windows NT 10.0; Win64; x64) AppleWebKit/537.36 (KHTML, like Gecko) Chrome/86.0.4240.111 Safari/537.36"
::1 - - [31/Oct/2020:11:01:32 +0000] "POST /user/reset-password HTTP/1.1" 400 185 "http://localhost:8001/api-docs/" "Mozilla/5.0 (Windows NT 10.0; Win64; x64) AppleWebKit/537.36 (KHTML, like Gecko) Chrome/86.0.4240.111 Safari/537.36"
::1 - - [31/Oct/2020:11:02:30 +0000] "POST /user/reset-password HTTP/1.1" 400 127 "http://localhost:8001/api-docs/" "Mozilla/5.0 (Windows NT 10.0; Win64; x64) AppleWebKit/537.36 (KHTML, like Gecko) Chrome/86.0.4240.111 Safari/537.36"
::1 - - [31/Oct/2020:11:03:09 +0000] "POST /user/reset-password HTTP/1.1" 400 185 "http://localhost:8001/api-docs/" "Mozilla/5.0 (Windows NT 10.0; Win64; x64) AppleWebKit/537.36 (KHTML, like Gecko) Chrome/86.0.4240.111 Safari/537.36"
::1 - - [31/Oct/2020:11:03:53 +0000] "POST /user/reset-password HTTP/1.1" 400 185 "http://localhost:8001/api-docs/" "Mozilla/5.0 (Windows NT 10.0; Win64; x64) AppleWebKit/537.36 (KHTML, like Gecko) Chrome/86.0.4240.111 Safari/537.36"
::1 - - [31/Oct/2020:11:04:26 +0000] "POST /user/reset-password HTTP/1.1" 400 185 "http://localhost:8001/api-docs/" "Mozilla/5.0 (Windows NT 10.0; Win64; x64) AppleWebKit/537.36 (KHTML, like Gecko) Chrome/86.0.4240.111 Safari/537.36"
::1 - - [31/Oct/2020:11:07:18 +0000] "POST /user/login HTTP/1.1" 400 93 "http://localhost:8001/api-docs/" "Mozilla/5.0 (Windows NT 10.0; Win64; x64) AppleWebKit/537.36 (KHTML, like Gecko) Chrome/86.0.4240.111 Safari/537.36"
::1 - - [31/Oct/2020:11:07:25 +0000] "POST /user/login HTTP/1.1" 400 93 "http://localhost:8001/api-docs/" "Mozilla/5.0 (Windows NT 10.0; Win64; x64) AppleWebKit/537.36 (KHTML, like Gecko) Chrome/86.0.4240.111 Safari/537.36"
::1 - - [31/Oct/2020:11:07:30 +0000] "POST /user/login HTTP/1.1" 400 93 "http://localhost:8001/api-docs/" "Mozilla/5.0 (Windows NT 10.0; Win64; x64) AppleWebKit/537.36 (KHTML, like Gecko) Chrome/86.0.4240.111 Safari/537.36"
::1 - - [31/Oct/2020:11:08:31 +0000] "POST /user/login HTTP/1.1" 400 93 "http://localhost:8001/api-docs/" "Mozilla/5.0 (Windows NT 10.0; Win64; x64) AppleWebKit/537.36 (KHTML, like Gecko) Chrome/86.0.4240.111 Safari/537.36"
::1 - - [31/Oct/2020:11:08:58 +0000] "POST /user/login HTTP/1.1" 400 93 "http://localhost:8001/api-docs/" "Mozilla/5.0 (Windows NT 10.0; Win64; x64) AppleWebKit/537.36 (KHTML, like Gecko) Chrome/86.0.4240.111 Safari/537.36"
::1 - - [31/Oct/2020:11:11:38 +0000] "POST /user/login HTTP/1.1" 400 145 "http://localhost:8001/api-docs/" "Mozilla/5.0 (Windows NT 10.0; Win64; x64) AppleWebKit/537.36 (KHTML, like Gecko) Chrome/86.0.4240.111 Safari/537.36"
::1 - - [31/Oct/2020:11:11:44 +0000] "POST /user/login HTTP/1.1" 400 93 "http://localhost:8001/api-docs/" "Mozilla/5.0 (Windows NT 10.0; Win64; x64) AppleWebKit/537.36 (KHTML, like Gecko) Chrome/86.0.4240.111 Safari/537.36"
::1 - - [31/Oct/2020:11:11:58 +0000] "POST /user/reset-password HTTP/1.1" 400 93 "http://localhost:8001/api-docs/" "Mozilla/5.0 (Windows NT 10.0; Win64; x64) AppleWebKit/537.36 (KHTML, like Gecko) Chrome/86.0.4240.111 Safari/537.36"
::1 - - [31/Oct/2020:11:12:45 +0000] "POST /user/login HTTP/1.1" 400 93 "http://localhost:8001/api-docs/" "Mozilla/5.0 (Windows NT 10.0; Win64; x64) AppleWebKit/537.36 (KHTML, like Gecko) Chrome/86.0.4240.111 Safari/537.36"
::1 - - [31/Oct/2020:11:13:21 +0000] "POST /user/login HTTP/1.1" 400 93 "http://localhost:8001/api-docs/" "Mozilla/5.0 (Windows NT 10.0; Win64; x64) AppleWebKit/537.36 (KHTML, like Gecko) Chrome/86.0.4240.111 Safari/537.36"
::1 - - [31/Oct/2020:11:17:24 +0000] "POST /user/login HTTP/1.1" 400 93 "http://localhost:8001/api-docs/" "Mozilla/5.0 (Windows NT 10.0; Win64; x64) AppleWebKit/537.36 (KHTML, like Gecko) Chrome/86.0.4240.111 Safari/537.36"
::1 - - [31/Oct/2020:11:18:04 +0000] "POST /user/login HTTP/1.1" 400 93 "http://localhost:8001/api-docs/" "Mozilla/5.0 (Windows NT 10.0; Win64; x64) AppleWebKit/537.36 (KHTML, like Gecko) Chrome/86.0.4240.111 Safari/537.36"
::1 - - [31/Oct/2020:11:18:53 +0000] "POST /user/login HTTP/1.1" 400 93 "http://localhost:8001/api-docs/" "Mozilla/5.0 (Windows NT 10.0; Win64; x64) AppleWebKit/537.36 (KHTML, like Gecko) Chrome/86.0.4240.111 Safari/537.36"
::1 - - [31/Oct/2020:11:19:50 +0000] "POST /user/login HTTP/1.1" 400 93 "http://localhost:8001/api-docs/" "Mozilla/5.0 (Windows NT 10.0; Win64; x64) AppleWebKit/537.36 (KHTML, like Gecko) Chrome/86.0.4240.111 Safari/537.36"
::1 - - [31/Oct/2020:11:21:44 +0000] "POST /user/login HTTP/1.1" 400 93 "http://localhost:8001/api-docs/" "Mozilla/5.0 (Windows NT 10.0; Win64; x64) AppleWebKit/537.36 (KHTML, like Gecko) Chrome/86.0.4240.111 Safari/537.36"
::1 - - [31/Oct/2020:11:27:50 +0000] "POST /user/login HTTP/1.1" 400 93 "http://localhost:8001/api-docs/" "Mozilla/5.0 (Windows NT 10.0; Win64; x64) AppleWebKit/537.36 (KHTML, like Gecko) Chrome/86.0.4240.111 Safari/537.36"
::1 - - [31/Oct/2020:11:28:42 +0000] "POST /user/login HTTP/1.1" 400 93 "http://localhost:8001/api-docs/" "Mozilla/5.0 (Windows NT 10.0; Win64; x64) AppleWebKit/537.36 (KHTML, like Gecko) Chrome/86.0.4240.111 Safari/537.36"
::1 - - [31/Oct/2020:11:31:34 +0000] "POST /user/login HTTP/1.1" 400 93 "http://localhost:8001/api-docs/" "Mozilla/5.0 (Windows NT 10.0; Win64; x64) AppleWebKit/537.36 (KHTML, like Gecko) Chrome/86.0.4240.111 Safari/537.36"
::1 - - [31/Oct/2020:11:34:58 +0000] "POST /user HTTP/1.1" 400 87 "http://localhost:8001/api-docs/" "Mozilla/5.0 (Windows NT 10.0; Win64; x64) AppleWebKit/537.36 (KHTML, like Gecko) Chrome/86.0.4240.111 Safari/537.36"
::1 - - [31/Oct/2020:11:35:36 +0000] "POST /user HTTP/1.1" 400 101 "http://localhost:8001/api-docs/" "Mozilla/5.0 (Windows NT 10.0; Win64; x64) AppleWebKit/537.36 (KHTML, like Gecko) Chrome/86.0.4240.111 Safari/537.36"
::1 - - [31/Oct/2020:13:04:40 +0000] "GET /user HTTP/1.1" 401 - "http://localhost:8001/api-docs/" "Mozilla/5.0 (Windows NT 10.0; Win64; x64) AppleWebKit/537.36 (KHTML, like Gecko) Chrome/86.0.4240.111 Safari/537.36"
::1 - - [31/Oct/2020:13:06:30 +0000] "POST /meeting/ HTTP/1.1" 400 148 "http://localhost:8001/api-docs/" "Mozilla/5.0 (Windows NT 10.0; Win64; x64) AppleWebKit/537.36 (KHTML, like Gecko) Chrome/86.0.4240.111 Safari/537.36"
::1 - - [01/Nov/2020:07:04:38 +0000] "POST /user/login HTTP/1.1" 400 99 "http://localhost:8001/api-docs/" "Mozilla/5.0 (Windows NT 10.0; Win64; x64) AppleWebKit/537.36 (KHTML, like Gecko) Chrome/86.0.4240.111 Safari/537.36"
::1 - - [01/Nov/2020:07:17:04 +0000] "GET / HTTP/1.1" 500 2800 "-" "Mozilla/5.0 (Windows NT 10.0; Win64; x64) AppleWebKit/537.36 (KHTML, like Gecko) Chrome/86.0.4240.111 Safari/537.36"
::1 - - [02/Nov/2020:11:38:51 +0000] "GET /api/user/ HTTP/1.1" 401 - "http://localhost:3000/" "Mozilla/5.0 (Windows NT 10.0; Win64; x64) AppleWebKit/537.36 (KHTML, like Gecko) Chrome/86.0.4240.111 Safari/537.36"
::1 - - [02/Nov/2020:11:38:52 +0000] "GET /api/meeting HTTP/1.1" 401 - "http://localhost:3000/" "Mozilla/5.0 (Windows NT 10.0; Win64; x64) AppleWebKit/537.36 (KHTML, like Gecko) Chrome/86.0.4240.111 Safari/537.36"
::1 - - [02/Nov/2020:11:38:52 +0000] "GET /api/user/contacts HTTP/1.1" 401 - "http://localhost:3000/" "Mozilla/5.0 (Windows NT 10.0; Win64; x64) AppleWebKit/537.36 (KHTML, like Gecko) Chrome/86.0.4240.111 Safari/537.36"
::1 - - [02/Nov/2020:13:37:59 +0000] "POST /api/user/forget-password HTTP/1.1" 400 99 "http://localhost:3000/" "Mozilla/5.0 (Windows NT 10.0; Win64; x64) AppleWebKit/537.36 (KHTML, like Gecko) Chrome/86.0.4240.111 Safari/537.36"
::1 - - [02/Nov/2020:13:43:53 +0000] "POST /api/user/login HTTP/1.1" 400 99 "http://localhost:3000/" "Mozilla/5.0 (Windows NT 10.0; Win64; x64) AppleWebKit/537.36 (KHTML, like Gecko) Chrome/86.0.4240.111 Safari/537.36"
::1 - - [02/Nov/2020:13:44:04 +0000] "POST /api/user/login HTTP/1.1" 400 93 "http://localhost:3000/" "Mozilla/5.0 (Windows NT 10.0; Win64; x64) AppleWebKit/537.36 (KHTML, like Gecko) Chrome/86.0.4240.111 Safari/537.36"
::1 - - [24/Nov/2020:10:03:36 +0000] "POST /api/user/forget-password HTTP/1.1" 400 99 "http://localhost:3000/" "Mozilla/5.0 (Windows NT 10.0; Win64; x64) AppleWebKit/537.36 (KHTML, like Gecko) Chrome/86.0.4240.198 Safari/537.36"
::1 - - [24/Nov/2020:10:03:43 +0000] "POST /api/user/forget-password HTTP/1.1" 400 99 "http://localhost:3000/" "Mozilla/5.0 (Windows NT 10.0; Win64; x64) AppleWebKit/537.36 (KHTML, like Gecko) Chrome/86.0.4240.198 Safari/537.36"
::1 - - [24/Nov/2020:10:14:49 +0000] "POST /api/user/login HTTP/1.1" 400 93 "http://localhost:3000/" "Mozilla/5.0 (Windows NT 10.0; Win64; x64) AppleWebKit/537.36 (KHTML, like Gecko) Chrome/86.0.4240.198 Safari/537.36"
::1 - - [24/Nov/2020:10:28:54 +0000] "GET /api/user HTTP/1.1" 401 - "http://localhost:3000/" "Mozilla/5.0 (Windows NT 10.0; Win64; x64) AppleWebKit/537.36 (KHTML, like Gecko) Chrome/86.0.4240.198 Safari/537.36"
::1 - - [24/Nov/2020:10:29:31 +0000] "GET /api/user HTTP/1.1" 401 - "http://localhost:3000/" "Mozilla/5.0 (Windows NT 10.0; Win64; x64) AppleWebKit/537.36 (KHTML, like Gecko) Chrome/86.0.4240.198 Safari/537.36"
::1 - - [24/Nov/2020:10:29:31 +0000] "GET /api/user HTTP/1.1" 401 - "http://localhost:3000/" "Mozilla/5.0 (Windows NT 10.0; Win64; x64) AppleWebKit/537.36 (KHTML, like Gecko) Chrome/86.0.4240.198 Safari/537.36"
::1 - - [24/Nov/2020:10:29:53 +0000] "GET /api/user HTTP/1.1" 401 - "http://localhost:3000/" "Mozilla/5.0 (Windows NT 10.0; Win64; x64) AppleWebKit/537.36 (KHTML, like Gecko) Chrome/86.0.4240.198 Safari/537.36"
::1 - - [24/Nov/2020:10:29:53 +0000] "GET /api/user HTTP/1.1" 401 - "http://localhost:3000/" "Mozilla/5.0 (Windows NT 10.0; Win64; x64) AppleWebKit/537.36 (KHTML, like Gecko) Chrome/86.0.4240.198 Safari/537.36"
::1 - - [24/Nov/2020:10:30:14 +0000] "GET /api/user HTTP/1.1" 401 - "http://localhost:3000/" "Mozilla/5.0 (Windows NT 10.0; Win64; x64) AppleWebKit/537.36 (KHTML, like Gecko) Chrome/86.0.4240.198 Safari/537.36"
::1 - - [24/Nov/2020:10:30:14 +0000] "GET /api/user HTTP/1.1" 401 - "http://localhost:3000/" "Mozilla/5.0 (Windows NT 10.0; Win64; x64) AppleWebKit/537.36 (KHTML, like Gecko) Chrome/86.0.4240.198 Safari/537.36"
::1 - - [24/Nov/2020:10:30:38 +0000] "GET /api/user HTTP/1.1" 401 - "http://localhost:3000/" "Mozilla/5.0 (Windows NT 10.0; Win64; x64) AppleWebKit/537.36 (KHTML, like Gecko) Chrome/86.0.4240.198 Safari/537.36"
::1 - - [24/Nov/2020:10:30:38 +0000] "GET /api/user HTTP/1.1" 401 - "http://localhost:3000/" "Mozilla/5.0 (Windows NT 10.0; Win64; x64) AppleWebKit/537.36 (KHTML, like Gecko) Chrome/86.0.4240.198 Safari/537.36"
::1 - - [24/Nov/2020:10:31:17 +0000] "GET /api/user HTTP/1.1" 401 - "http://localhost:3000/" "Mozilla/5.0 (Windows NT 10.0; Win64; x64) AppleWebKit/537.36 (KHTML, like Gecko) Chrome/86.0.4240.198 Safari/537.36"
::1 - - [24/Nov/2020:10:31:17 +0000] "GET /api/user HTTP/1.1" 401 - "http://localhost:3000/" "Mozilla/5.0 (Windows NT 10.0; Win64; x64) AppleWebKit/537.36 (KHTML, like Gecko) Chrome/86.0.4240.198 Safari/537.36"
::1 - - [24/Nov/2020:10:31:21 +0000] "GET /api/user HTTP/1.1" 401 - "http://localhost:3000/" "Mozilla/5.0 (Windows NT 10.0; Win64; x64) AppleWebKit/537.36 (KHTML, like Gecko) Chrome/86.0.4240.198 Safari/537.36"
::1 - - [24/Nov/2020:10:31:21 +0000] "GET /api/user HTTP/1.1" 401 - "http://localhost:3000/" "Mozilla/5.0 (Windows NT 10.0; Win64; x64) AppleWebKit/537.36 (KHTML, like Gecko) Chrome/86.0.4240.198 Safari/537.36"
::1 - - [24/Nov/2020:10:31:26 +0000] "GET /api/user HTTP/1.1" 401 - "http://localhost:3000/" "Mozilla/5.0 (Windows NT 10.0; Win64; x64) AppleWebKit/537.36 (KHTML, like Gecko) Chrome/86.0.4240.198 Safari/537.36"
::1 - - [26/Nov/2020:02:17:40 +0000] "POST /api/rapid-api/analysis HTTP/1.1" 400 910 "http://localhost:8001/api-docs/" "Mozilla/5.0 (Windows NT 10.0; Win64; x64) AppleWebKit/537.36 (KHTML, like Gecko) Chrome/86.0.4240.198 Safari/537.36"
::1 - - [26/Nov/2020:02:19:51 +0000] "POST /api/rapid-api/analysis HTTP/1.1" 400 910 "http://localhost:8001/api-docs/" "Mozilla/5.0 (Windows NT 10.0; Win64; x64) AppleWebKit/537.36 (KHTML, like Gecko) Chrome/86.0.4240.198 Safari/537.36"
::1 - - [26/Nov/2020:02:20:42 +0000] "POST /api/rapid-api/analysis HTTP/1.1" 400 1002 "http://localhost:8001/api-docs/" "Mozilla/5.0 (Windows NT 10.0; Win64; x64) AppleWebKit/537.36 (KHTML, like Gecko) Chrome/86.0.4240.198 Safari/537.36"
::1 - - [26/Nov/2020:02:22:33 +0000] "POST /api/rapid-api/analysis HTTP/1.1" 400 20435 "http://localhost:8001/api-docs/" "Mozilla/5.0 (Windows NT 10.0; Win64; x64) AppleWebKit/537.36 (KHTML, like Gecko) Chrome/86.0.4240.198 Safari/537.36"
::1 - - [26/Nov/2020:02:24:52 +0000] "POST /api/rapid-api/analysis HTTP/1.1" 400 1142 "http://localhost:8001/api-docs/" "Mozilla/5.0 (Windows NT 10.0; Win64; x64) AppleWebKit/537.36 (KHTML, like Gecko) Chrome/86.0.4240.198 Safari/537.36"
::1 - - [26/Nov/2020:02:26:28 +0000] "POST /api/rapid-api/analysis HTTP/1.1" 400 20430 "http://localhost:8001/api-docs/" "Mozilla/5.0 (Windows NT 10.0; Win64; x64) AppleWebKit/537.36 (KHTML, like Gecko) Chrome/86.0.4240.198 Safari/537.36"
::1 - - [26/Nov/2020:02:28:07 +0000] "POST /api/rapid-api/analysis HTTP/1.1" 400 20430 "http://localhost:8001/api-docs/" "Mozilla/5.0 (Windows NT 10.0; Win64; x64) AppleWebKit/537.36 (KHTML, like Gecko) Chrome/86.0.4240.198 Safari/537.36"
::1 - - [26/Nov/2020:02:28:08 +0000] "POST /api/rapid-api/analysis HTTP/1.1" 400 20430 "http://localhost:8001/api-docs/" "Mozilla/5.0 (Windows NT 10.0; Win64; x64) AppleWebKit/537.36 (KHTML, like Gecko) Chrome/86.0.4240.198 Safari/537.36"
::1 - - [26/Nov/2020:02:28:39 +0000] "POST /api/rapid-api/analysis HTTP/1.1" 400 20430 "http://localhost:8001/api-docs/" "Mozilla/5.0 (Windows NT 10.0; Win64; x64) AppleWebKit/537.36 (KHTML, like Gecko) Chrome/86.0.4240.198 Safari/537.36"
::1 - - [26/Nov/2020:02:28:43 +0000] "POST /api/rapid-api/analysis HTTP/1.1" 400 1166 "http://localhost:8001/api-docs/" "Mozilla/5.0 (Windows NT 10.0; Win64; x64) AppleWebKit/537.36 (KHTML, like Gecko) Chrome/86.0.4240.198 Safari/537.36"
::1 - - [26/Nov/2020:02:28:58 +0000] "POST /api/rapid-api/analysis HTTP/1.1" 400 20430 "http://localhost:8001/api-docs/" "Mozilla/5.0 (Windows NT 10.0; Win64; x64) AppleWebKit/537.36 (KHTML, like Gecko) Chrome/86.0.4240.198 Safari/537.36"
::1 - - [26/Nov/2020:02:29:34 +0000] "POST /api/rapid-api/analysis HTTP/1.1" 400 20430 "http://localhost:8001/api-docs/" "Mozilla/5.0 (Windows NT 10.0; Win64; x64) AppleWebKit/537.36 (KHTML, like Gecko) Chrome/86.0.4240.198 Safari/537.36"
::1 - - [26/Nov/2020:02:30:11 +0000] "POST /api/rapid-api/analysis HTTP/1.1" 400 20430 "http://localhost:8001/api-docs/" "Mozilla/5.0 (Windows NT 10.0; Win64; x64) AppleWebKit/537.36 (KHTML, like Gecko) Chrome/86.0.4240.198 Safari/537.36"
::1 - - [26/Nov/2020:02:30:53 +0000] "POST /api/rapid-api/analysis HTTP/1.1" 400 20430 "http://localhost:8001/api-docs/" "Mozilla/5.0 (Windows NT 10.0; Win64; x64) AppleWebKit/537.36 (KHTML, like Gecko) Chrome/86.0.4240.198 Safari/537.36"
::1 - - [26/Nov/2020:02:31:23 +0000] "POST /api/rapid-api/analysis HTTP/1.1" 400 20430 "http://localhost:8001/api-docs/" "Mozilla/5.0 (Windows NT 10.0; Win64; x64) AppleWebKit/537.36 (KHTML, like Gecko) Chrome/86.0.4240.198 Safari/537.36"
::1 - - [26/Nov/2020:02:32:27 +0000] "POST /api/rapid-api/analysis HTTP/1.1" 400 79 "http://localhost:8001/api-docs/" "Mozilla/5.0 (Windows NT 10.0; Win64; x64) AppleWebKit/537.36 (KHTML, like Gecko) Chrome/86.0.4240.198 Safari/537.36"
::1 - - [26/Nov/2020:02:33:01 +0000] "POST /api/rapid-api/analysis HTTP/1.1" 400 79 "http://localhost:8001/api-docs/" "Mozilla/5.0 (Windows NT 10.0; Win64; x64) AppleWebKit/537.36 (KHTML, like Gecko) Chrome/86.0.4240.198 Safari/537.36"
::1 - - [26/Nov/2020:02:33:32 +0000] "POST /api/rapid-api/analysis HTTP/1.1" 400 85 "http://localhost:8001/api-docs/" "Mozilla/5.0 (Windows NT 10.0; Win64; x64) AppleWebKit/537.36 (KHTML, like Gecko) Chrome/86.0.4240.198 Safari/537.36"
::1 - - [26/Nov/2020:02:34:12 +0000] "POST /api/rapid-api/analysis HTTP/1.1" 400 85 "http://localhost:8001/api-docs/" "Mozilla/5.0 (Windows NT 10.0; Win64; x64) AppleWebKit/537.36 (KHTML, like Gecko) Chrome/86.0.4240.198 Safari/537.36"
::1 - - [26/Nov/2020:02:41:35 +0000] "POST /api/rapid-api/analysis HTTP/1.1" 400 85 "http://localhost:8001/api-docs/" "Mozilla/5.0 (Windows NT 10.0; Win64; x64) AppleWebKit/537.36 (KHTML, like Gecko) Chrome/86.0.4240.198 Safari/537.36"
::1 - - [26/Nov/2020:02:42:06 +0000] "POST /api/rapid-api/analysis HTTP/1.1" 400 187 "http://localhost:8001/api-docs/" "Mozilla/5.0 (Windows NT 10.0; Win64; x64) AppleWebKit/537.36 (KHTML, like Gecko) Chrome/86.0.4240.198 Safari/537.36"
::1 - - [26/Nov/2020:02:42:08 +0000] "POST /api/rapid-api/analysis HTTP/1.1" 400 187 "http://localhost:8001/api-docs/" "Mozilla/5.0 (Windows NT 10.0; Win64; x64) AppleWebKit/537.36 (KHTML, like Gecko) Chrome/86.0.4240.198 Safari/537.36"
